<?xml version="1.0" encoding="UTF-8"?>
<testng-results ignored="0" total="19" passed="17" failed="2" skipped="0">
  <reporter-output>
  </reporter-output>
  <suite started-at="2026-04-13T15:54:45 IST" name="EcommerceSuite" finished-at="2026-04-13T15:57:02 IST" duration-ms="136457">
    <groups>
      <group name="regression">
        <method signature="RegisterAccountTestCases.verifyRegistrationWithDuplicateEmail()[pri:2, instance:testCases.RegisterAccountTestCases@24ba9639]" name="verifyRegistrationWithDuplicateEmail" class="testCases.RegisterAccountTestCases"/>
        <method signature="LoginTestCases.verifyLoginWithInvalidCredentials()[pri:4, instance:testCases.LoginTestCases@6f63b475]" name="verifyLoginWithInvalidCredentials" class="testCases.LoginTestCases"/>
        <method signature="LoginTestCases.verifyLoginWithWrongPassword()[pri:5, instance:testCases.LoginTestCases@6f63b475]" name="verifyLoginWithWrongPassword" class="testCases.LoginTestCases"/>
      </group> <!-- regression -->
      <group name="smoke">
        <method signature="HomePageTestCases.verifyNavigationToRegisterPage()[pri:1, instance:testCases.HomePageTestCases@1458ed9c]" name="verifyNavigationToRegisterPage" class="testCases.HomePageTestCases"/>
        <method signature="HomePageTestCases.verifyNavigationToLoginPage()[pri:2, instance:testCases.HomePageTestCases@1458ed9c]" name="verifyNavigationToLoginPage" class="testCases.HomePageTestCases"/>
        <method signature="HomePageTestCases.verifyHomePageTitle()[pri:3, instance:testCases.HomePageTestCases@1458ed9c]" name="verifyHomePageTitle" class="testCases.HomePageTestCases"/>
        <method signature="RegisterAccountTestCases.verifySuccessfulRegistration()[pri:1, instance:testCases.RegisterAccountTestCases@24ba9639]" name="verifySuccessfulRegistration" class="testCases.RegisterAccountTestCases"/>
        <method signature="LoginTestCases.verifyLoginPageElementsAreVisible()[pri:1, instance:testCases.LoginTestCases@6f63b475]" name="verifyLoginPageElementsAreVisible" class="testCases.LoginTestCases"/>
        <method signature="LoginTestCases.verifySuccessfulLogin()[pri:2, instance:testCases.LoginTestCases@6f63b475]" name="verifySuccessfulLogin" class="testCases.LoginTestCases"/>
        <method signature="LoginTestCases.verifySuccessfulLogout()[pri:3, instance:testCases.LoginTestCases@6f63b475]" name="verifySuccessfulLogout" class="testCases.LoginTestCases"/>
      </group> <!-- smoke -->
      <group name="login">
        <method signature="LoginTestCases.verifyLoginPageElementsAreVisible()[pri:1, instance:testCases.LoginTestCases@6f63b475]" name="verifyLoginPageElementsAreVisible" class="testCases.LoginTestCases"/>
        <method signature="LoginTestCases.verifySuccessfulLogin()[pri:2, instance:testCases.LoginTestCases@6f63b475]" name="verifySuccessfulLogin" class="testCases.LoginTestCases"/>
        <method signature="LoginTestCases.verifySuccessfulLogout()[pri:3, instance:testCases.LoginTestCases@6f63b475]" name="verifySuccessfulLogout" class="testCases.LoginTestCases"/>
        <method signature="LoginTestCases.verifyLoginWithInvalidCredentials()[pri:4, instance:testCases.LoginTestCases@6f63b475]" name="verifyLoginWithInvalidCredentials" class="testCases.LoginTestCases"/>
        <method signature="LoginTestCases.verifyLoginWithWrongPassword()[pri:5, instance:testCases.LoginTestCases@6f63b475]" name="verifyLoginWithWrongPassword" class="testCases.LoginTestCases"/>
        <method signature="LoginTestCases.verifyLoginWithEmptyEmail()[pri:6, instance:testCases.LoginTestCases@6f63b475]" name="verifyLoginWithEmptyEmail" class="testCases.LoginTestCases"/>
        <method signature="LoginTestCases.verifyLoginWithEmptyPassword()[pri:7, instance:testCases.LoginTestCases@6f63b475]" name="verifyLoginWithEmptyPassword" class="testCases.LoginTestCases"/>
        <method signature="LoginTestCases.verifyLoginWithBothFieldsEmpty()[pri:8, instance:testCases.LoginTestCases@6f63b475]" name="verifyLoginWithBothFieldsEmpty" class="testCases.LoginTestCases"/>
        <method signature="LoginTestCases.verifyLoginWithInvalidEmailFormat()[pri:9, instance:testCases.LoginTestCases@6f63b475]" name="verifyLoginWithInvalidEmailFormat" class="testCases.LoginTestCases"/>
      </group> <!-- login -->
      <group name="field-validation">
        <method signature="RegisterAccountTestCases.verifyRegistrationWithPasswordMismatch()[pri:3, instance:testCases.RegisterAccountTestCases@24ba9639]" name="verifyRegistrationWithPasswordMismatch" class="testCases.RegisterAccountTestCases"/>
        <method signature="RegisterAccountTestCases.verifyRegistrationWithAllFieldsEmpty()[pri:4, instance:testCases.RegisterAccountTestCases@24ba9639]" name="verifyRegistrationWithAllFieldsEmpty" class="testCases.RegisterAccountTestCases"/>
        <method signature="RegisterAccountTestCases.verifyRegistrationWithInvalidEmailFormat()[pri:5, instance:testCases.RegisterAccountTestCases@24ba9639]" name="verifyRegistrationWithInvalidEmailFormat" class="testCases.RegisterAccountTestCases"/>
        <method signature="RegisterAccountTestCases.verifyRegistrationWithoutPrivacyPolicy()[pri:6, instance:testCases.RegisterAccountTestCases@24ba9639]" name="verifyRegistrationWithoutPrivacyPolicy" class="testCases.RegisterAccountTestCases"/>
        <method signature="RegisterAccountTestCases.verifyRegistrationWithWeakPassword()[pri:7, instance:testCases.RegisterAccountTestCases@24ba9639]" name="verifyRegistrationWithWeakPassword" class="testCases.RegisterAccountTestCases"/>
        <method signature="LoginTestCases.verifyLoginWithEmptyEmail()[pri:6, instance:testCases.LoginTestCases@6f63b475]" name="verifyLoginWithEmptyEmail" class="testCases.LoginTestCases"/>
        <method signature="LoginTestCases.verifyLoginWithEmptyPassword()[pri:7, instance:testCases.LoginTestCases@6f63b475]" name="verifyLoginWithEmptyPassword" class="testCases.LoginTestCases"/>
        <method signature="LoginTestCases.verifyLoginWithBothFieldsEmpty()[pri:8, instance:testCases.LoginTestCases@6f63b475]" name="verifyLoginWithBothFieldsEmpty" class="testCases.LoginTestCases"/>
        <method signature="LoginTestCases.verifyLoginWithInvalidEmailFormat()[pri:9, instance:testCases.LoginTestCases@6f63b475]" name="verifyLoginWithInvalidEmailFormat" class="testCases.LoginTestCases"/>
      </group> <!-- field-validation -->
      <group name="register">
        <method signature="RegisterAccountTestCases.verifySuccessfulRegistration()[pri:1, instance:testCases.RegisterAccountTestCases@24ba9639]" name="verifySuccessfulRegistration" class="testCases.RegisterAccountTestCases"/>
        <method signature="RegisterAccountTestCases.verifyRegistrationWithDuplicateEmail()[pri:2, instance:testCases.RegisterAccountTestCases@24ba9639]" name="verifyRegistrationWithDuplicateEmail" class="testCases.RegisterAccountTestCases"/>
        <method signature="RegisterAccountTestCases.verifyRegistrationWithPasswordMismatch()[pri:3, instance:testCases.RegisterAccountTestCases@24ba9639]" name="verifyRegistrationWithPasswordMismatch" class="testCases.RegisterAccountTestCases"/>
        <method signature="RegisterAccountTestCases.verifyRegistrationWithAllFieldsEmpty()[pri:4, instance:testCases.RegisterAccountTestCases@24ba9639]" name="verifyRegistrationWithAllFieldsEmpty" class="testCases.RegisterAccountTestCases"/>
        <method signature="RegisterAccountTestCases.verifyRegistrationWithInvalidEmailFormat()[pri:5, instance:testCases.RegisterAccountTestCases@24ba9639]" name="verifyRegistrationWithInvalidEmailFormat" class="testCases.RegisterAccountTestCases"/>
        <method signature="RegisterAccountTestCases.verifyRegistrationWithoutPrivacyPolicy()[pri:6, instance:testCases.RegisterAccountTestCases@24ba9639]" name="verifyRegistrationWithoutPrivacyPolicy" class="testCases.RegisterAccountTestCases"/>
        <method signature="RegisterAccountTestCases.verifyRegistrationWithWeakPassword()[pri:7, instance:testCases.RegisterAccountTestCases@24ba9639]" name="verifyRegistrationWithWeakPassword" class="testCases.RegisterAccountTestCases"/>
      </group> <!-- register -->
      <group name="homepage">
        <method signature="HomePageTestCases.verifyNavigationToRegisterPage()[pri:1, instance:testCases.HomePageTestCases@1458ed9c]" name="verifyNavigationToRegisterPage" class="testCases.HomePageTestCases"/>
        <method signature="HomePageTestCases.verifyNavigationToLoginPage()[pri:2, instance:testCases.HomePageTestCases@1458ed9c]" name="verifyNavigationToLoginPage" class="testCases.HomePageTestCases"/>
        <method signature="HomePageTestCases.verifyHomePageTitle()[pri:3, instance:testCases.HomePageTestCases@1458ed9c]" name="verifyHomePageTitle" class="testCases.HomePageTestCases"/>
      </group> <!-- homepage -->
    </groups>
    <test started-at="2026-04-13T15:54:45 IST" name="HomePageTests" finished-at="2026-04-13T15:55:03 IST" duration-ms="18119">
      <class name="testCases.HomePageTestCases">
        <test-method is-config="true" signature="setup()[pri:0, instance:testCases.HomePageTestCases@1458ed9c]" started-at="2026-04-13T15:54:45 IST" name="setup" finished-at="2026-04-13T15:54:55 IST" duration-ms="9236" status="PASS">
          <reporter-output>
          </reporter-output>
        </test-method> <!-- setup -->
        <test-method is-config="true" signature="setupTest()[pri:0, instance:testCases.HomePageTestCases@1458ed9c]" started-at="2026-04-13T15:54:55 IST" name="setupTest" finished-at="2026-04-13T15:54:56 IST" duration-ms="1000" status="PASS">
          <reporter-output>
          </reporter-output>
        </test-method> <!-- setupTest -->
        <test-method signature="verifyNavigationToRegisterPage()[pri:1, instance:testCases.HomePageTestCases@1458ed9c]" started-at="2026-04-13T15:54:56 IST" name="verifyNavigationToRegisterPage" description="Verify navigation to Register page from HomePage" finished-at="2026-04-13T15:55:00 IST" duration-ms="4319" status="PASS">
          <reporter-output>
          </reporter-output>
        </test-method> <!-- verifyNavigationToRegisterPage -->
        <test-method is-config="true" signature="setupTest()[pri:0, instance:testCases.HomePageTestCases@1458ed9c]" started-at="2026-04-13T15:55:00 IST" name="setupTest" finished-at="2026-04-13T15:55:01 IST" duration-ms="671" status="PASS">
          <reporter-output>
          </reporter-output>
        </test-method> <!-- setupTest -->
        <test-method signature="verifyNavigationToLoginPage()[pri:2, instance:testCases.HomePageTestCases@1458ed9c]" started-at="2026-04-13T15:55:01 IST" name="verifyNavigationToLoginPage" description="Verify navigation to Login page from HomePage" finished-at="2026-04-13T15:55:02 IST" duration-ms="1638" status="PASS">
          <reporter-output>
          </reporter-output>
        </test-method> <!-- verifyNavigationToLoginPage -->
        <test-method is-config="true" signature="setupTest()[pri:0, instance:testCases.HomePageTestCases@1458ed9c]" started-at="2026-04-13T15:55:02 IST" name="setupTest" finished-at="2026-04-13T15:55:03 IST" duration-ms="929" status="PASS">
          <reporter-output>
          </reporter-output>
        </test-method> <!-- setupTest -->
        <test-method signature="verifyHomePageTitle()[pri:3, instance:testCases.HomePageTestCases@1458ed9c]" started-at="2026-04-13T15:55:03 IST" name="verifyHomePageTitle" description="Verify page title on homepage" finished-at="2026-04-13T15:55:03 IST" duration-ms="14" status="PASS">
          <reporter-output>
          </reporter-output>
        </test-method> <!-- verifyHomePageTitle -->
        <test-method is-config="true" signature="quit()[pri:0, instance:testCases.HomePageTestCases@1458ed9c]" started-at="2026-04-13T15:55:03 IST" name="quit" finished-at="2026-04-13T15:55:03 IST" duration-ms="247" status="PASS">
          <reporter-output>
          </reporter-output>
        </test-method> <!-- quit -->
      </class> <!-- testCases.HomePageTestCases -->
    </test> <!-- HomePageTests -->
    <test started-at="2026-04-13T15:55:04 IST" name="RegisterTests" finished-at="2026-04-13T15:55:57 IST" duration-ms="53925">
      <class name="testCases.RegisterAccountTestCases">
        <test-method is-config="true" signature="setup()[pri:0, instance:testCases.RegisterAccountTestCases@24ba9639]" started-at="2026-04-13T15:55:04 IST" name="setup" finished-at="2026-04-13T15:55:10 IST" duration-ms="6107" status="PASS">
          <reporter-output>
          </reporter-output>
        </test-method> <!-- setup -->
        <test-method is-config="true" signature="setupTest()[pri:0, instance:testCases.RegisterAccountTestCases@24ba9639]" started-at="2026-04-13T15:55:10 IST" name="setupTest" finished-at="2026-04-13T15:55:12 IST" duration-ms="1978" status="PASS">
          <reporter-output>
          </reporter-output>
        </test-method> <!-- setupTest -->
        <test-method signature="verifySuccessfulRegistration()[pri:1, instance:testCases.RegisterAccountTestCases@24ba9639]" started-at="2026-04-13T15:55:12 IST" name="verifySuccessfulRegistration" description="Verify successful registration with valid data" finished-at="2026-04-13T15:55:22 IST" duration-ms="10427" status="PASS">
          <reporter-output>
          </reporter-output>
        </test-method> <!-- verifySuccessfulRegistration -->
        <test-method is-config="true" signature="setupTest()[pri:0, instance:testCases.RegisterAccountTestCases@24ba9639]" started-at="2026-04-13T15:55:22 IST" name="setupTest" finished-at="2026-04-13T15:55:24 IST" duration-ms="1640" status="PASS">
          <reporter-output>
          </reporter-output>
        </test-method> <!-- setupTest -->
        <test-method signature="verifyRegistrationWithDuplicateEmail()[pri:2, instance:testCases.RegisterAccountTestCases@24ba9639]" started-at="2026-04-13T15:55:24 IST" name="verifyRegistrationWithDuplicateEmail" description="Verify registration fails with already registered email" finished-at="2026-04-13T15:55:26 IST" duration-ms="2783" status="PASS">
          <reporter-output>
          </reporter-output>
        </test-method> <!-- verifyRegistrationWithDuplicateEmail -->
        <test-method is-config="true" signature="setupTest()[pri:0, instance:testCases.RegisterAccountTestCases@24ba9639]" started-at="2026-04-13T15:55:26 IST" name="setupTest" finished-at="2026-04-13T15:55:29 IST" duration-ms="2315" status="PASS">
          <reporter-output>
          </reporter-output>
        </test-method> <!-- setupTest -->
        <test-method signature="verifyRegistrationWithPasswordMismatch()[pri:3, instance:testCases.RegisterAccountTestCases@24ba9639]" started-at="2026-04-13T15:55:29 IST" name="verifyRegistrationWithPasswordMismatch" description="Verify registration fails with password mismatch" finished-at="2026-04-13T15:55:34 IST" duration-ms="4783" status="FAIL">
          <exception class="java.lang.AssertionError">
            <message>
              <![CDATA[TC-R03 FAILED: Password mismatch error not displayed expected [true] but found [false]]]>
            </message>
            <full-stacktrace>
              <![CDATA[java.lang.AssertionError: TC-R03 FAILED: Password mismatch error not displayed expected [true] but found [false]
at org.testng.Assert.fail(Assert.java:111)
at org.testng.Assert.failNotEquals(Assert.java:1590)
at org.testng.Assert.assertTrue(Assert.java:57)
at testCases.RegisterAccountTestCases.verifyRegistrationWithPasswordMismatch(RegisterAccountTestCases.java:79)
at java.base/jdk.internal.reflect.DirectMethodHandleAccessor.invoke(DirectMethodHandleAccessor.java:103)
at java.base/java.lang.reflect.Method.invoke(Method.java:580)
at org.testng.internal.invokers.MethodInvocationHelper.invokeMethod(MethodInvocationHelper.java:141)
at org.testng.internal.invokers.TestInvoker.invokeMethod(TestInvoker.java:697)
at org.testng.internal.invokers.TestInvoker.invokeTestMethod(TestInvoker.java:230)
at org.testng.internal.invokers.MethodRunner.runInSequence(MethodRunner.java:63)
at org.testng.internal.invokers.TestInvoker$MethodInvocationAgent.invoke(TestInvoker.java:1005)
at org.testng.internal.invokers.TestInvoker.invokeTestMethods(TestInvoker.java:203)
at org.testng.internal.invokers.TestMethodWorker.invokeTestMethods(TestMethodWorker.java:154)
at org.testng.internal.invokers.TestMethodWorker.run(TestMethodWorker.java:134)
at java.base/java.util.ArrayList.forEach(ArrayList.java:1596)
at org.testng.TestRunner.privateRun(TestRunner.java:744)
at org.testng.TestRunner.run(TestRunner.java:616)
at org.testng.SuiteRunner.runTest(SuiteRunner.java:421)
at org.testng.SuiteRunner.runSequentially(SuiteRunner.java:413)
at org.testng.SuiteRunner.privateRun(SuiteRunner.java:373)
at org.testng.SuiteRunner.run(SuiteRunner.java:312)
at org.testng.SuiteRunnerWorker.runSuite(SuiteRunnerWorker.java:52)
at org.testng.SuiteRunnerWorker.run(SuiteRunnerWorker.java:95)
at org.testng.TestNG.runSuitesSequentially(TestNG.java:1274)
at org.testng.TestNG.runSuitesLocally(TestNG.java:1208)
at org.testng.TestNG.runSuites(TestNG.java:1112)
at org.testng.TestNG.run(TestNG.java:1079)
at org.testng.remote.AbstractRemoteTestNG.run(AbstractRemoteTestNG.java:115)
at org.testng.remote.RemoteTestNG.initAndRun(RemoteTestNG.java:293)
at org.testng.remote.RemoteTestNG.main(RemoteTestNG.java:91)
]]>
            </full-stacktrace>
          </exception> <!-- java.lang.AssertionError -->
          <reporter-output>
          </reporter-output>
        </test-method> <!-- verifyRegistrationWithPasswordMismatch -->
        <test-method is-config="true" signature="setupTest()[pri:0, instance:testCases.RegisterAccountTestCases@24ba9639]" started-at="2026-04-13T15:55:34 IST" name="setupTest" finished-at="2026-04-13T15:55:36 IST" duration-ms="2375" status="PASS">
          <reporter-output>
          </reporter-output>
        </test-method> <!-- setupTest -->
        <test-method signature="verifyRegistrationWithAllFieldsEmpty()[pri:4, instance:testCases.RegisterAccountTestCases@24ba9639]" started-at="2026-04-13T15:55:36 IST" name="verifyRegistrationWithAllFieldsEmpty" description="Verify registration fails when all fields are empty" finished-at="2026-04-13T15:55:40 IST" duration-ms="3447" status="PASS">
          <reporter-output>
          </reporter-output>
        </test-method> <!-- verifyRegistrationWithAllFieldsEmpty -->
        <test-method is-config="true" signature="setupTest()[pri:0, instance:testCases.RegisterAccountTestCases@24ba9639]" started-at="2026-04-13T15:55:40 IST" name="setupTest" finished-at="2026-04-13T15:55:42 IST" duration-ms="2420" status="PASS">
          <reporter-output>
          </reporter-output>
        </test-method> <!-- setupTest -->
        <test-method signature="verifyRegistrationWithInvalidEmailFormat()[pri:5, instance:testCases.RegisterAccountTestCases@24ba9639]" started-at="2026-04-13T15:55:42 IST" name="verifyRegistrationWithInvalidEmailFormat" description="Verify registration with invalid email format" finished-at="2026-04-13T15:55:44 IST" duration-ms="2283" status="PASS">
          <reporter-output>
          </reporter-output>
        </test-method> <!-- verifyRegistrationWithInvalidEmailFormat -->
        <test-method is-config="true" signature="setupTest()[pri:0, instance:testCases.RegisterAccountTestCases@24ba9639]" started-at="2026-04-13T15:55:44 IST" name="setupTest" finished-at="2026-04-13T15:55:47 IST" duration-ms="2607" status="PASS">
          <reporter-output>
          </reporter-output>
        </test-method> <!-- setupTest -->
        <test-method signature="verifyRegistrationWithoutPrivacyPolicy()[pri:6, instance:testCases.RegisterAccountTestCases@24ba9639]" started-at="2026-04-13T15:55:47 IST" name="verifyRegistrationWithoutPrivacyPolicy" description="Verify registration without accepting privacy policy" finished-at="2026-04-13T15:55:52 IST" duration-ms="4655" status="FAIL">
          <exception class="java.lang.AssertionError">
            <message>
              <![CDATA[TC-R06 FAILED: Should not register without policy agreement expected [true] but found [false]]]>
            </message>
            <full-stacktrace>
              <![CDATA[java.lang.AssertionError: TC-R06 FAILED: Should not register without policy agreement expected [true] but found [false]
at org.testng.Assert.fail(Assert.java:111)
at org.testng.Assert.failNotEquals(Assert.java:1590)
at org.testng.Assert.assertTrue(Assert.java:57)
at testCases.RegisterAccountTestCases.verifyRegistrationWithoutPrivacyPolicy(RegisterAccountTestCases.java:126)
at java.base/jdk.internal.reflect.DirectMethodHandleAccessor.invoke(DirectMethodHandleAccessor.java:103)
at java.base/java.lang.reflect.Method.invoke(Method.java:580)
at org.testng.internal.invokers.MethodInvocationHelper.invokeMethod(MethodInvocationHelper.java:141)
at org.testng.internal.invokers.TestInvoker.invokeMethod(TestInvoker.java:697)
at org.testng.internal.invokers.TestInvoker.invokeTestMethod(TestInvoker.java:230)
at org.testng.internal.invokers.MethodRunner.runInSequence(MethodRunner.java:63)
at org.testng.internal.invokers.TestInvoker$MethodInvocationAgent.invoke(TestInvoker.java:1005)
at org.testng.internal.invokers.TestInvoker.invokeTestMethods(TestInvoker.java:203)
at org.testng.internal.invokers.TestMethodWorker.invokeTestMethods(TestMethodWorker.java:154)
at org.testng.internal.invokers.TestMethodWorker.run(TestMethodWorker.java:134)
at java.base/java.util.ArrayList.forEach(ArrayList.java:1596)
at org.testng.TestRunner.privateRun(TestRunner.java:744)
at org.testng.TestRunner.run(TestRunner.java:616)
at org.testng.SuiteRunner.runTest(SuiteRunner.java:421)
at org.testng.SuiteRunner.runSequentially(SuiteRunner.java:413)
at org.testng.SuiteRunner.privateRun(SuiteRunner.java:373)
at org.testng.SuiteRunner.run(SuiteRunner.java:312)
at org.testng.SuiteRunnerWorker.runSuite(SuiteRunnerWorker.java:52)
at org.testng.SuiteRunnerWorker.run(SuiteRunnerWorker.java:95)
at org.testng.TestNG.runSuitesSequentially(TestNG.java:1274)
at org.testng.TestNG.runSuitesLocally(TestNG.java:1208)
at org.testng.TestNG.runSuites(TestNG.java:1112)
at org.testng.TestNG.run(TestNG.java:1079)
at org.testng.remote.AbstractRemoteTestNG.run(AbstractRemoteTestNG.java:115)
at org.testng.remote.RemoteTestNG.initAndRun(RemoteTestNG.java:293)
at org.testng.remote.RemoteTestNG.main(RemoteTestNG.java:91)
]]>
            </full-stacktrace>
          </exception> <!-- java.lang.AssertionError -->
          <reporter-output>
          </reporter-output>
        </test-method> <!-- verifyRegistrationWithoutPrivacyPolicy -->
        <test-method is-config="true" signature="setupTest()[pri:0, instance:testCases.RegisterAccountTestCases@24ba9639]" started-at="2026-04-13T15:55:52 IST" name="setupTest" finished-at="2026-04-13T15:55:54 IST" duration-ms="2356" status="PASS">
          <reporter-output>
          </reporter-output>
        </test-method> <!-- setupTest -->
        <test-method signature="verifyRegistrationWithWeakPassword()[pri:7, instance:testCases.RegisterAccountTestCases@24ba9639]" started-at="2026-04-13T15:55:54 IST" name="verifyRegistrationWithWeakPassword" description="Verify registration with short (weak) password" finished-at="2026-04-13T15:55:57 IST" duration-ms="3080" status="PASS">
          <reporter-output>
          </reporter-output>
        </test-method> <!-- verifyRegistrationWithWeakPassword -->
        <test-method is-config="true" signature="quit()[pri:0, instance:testCases.RegisterAccountTestCases@24ba9639]" started-at="2026-04-13T15:55:57 IST" name="quit" finished-at="2026-04-13T15:55:57 IST" duration-ms="234" status="PASS">
          <reporter-output>
          </reporter-output>
        </test-method> <!-- quit -->
      </class> <!-- testCases.RegisterAccountTestCases -->
    </test> <!-- RegisterTests -->
    <test started-at="2026-04-13T15:55:57 IST" name="LoginTests" finished-at="2026-04-13T15:57:02 IST" duration-ms="64367">
      <class name="testCases.LoginTestCases">
        <test-method is-config="true" signature="setup()[pri:0, instance:testCases.LoginTestCases@6f63b475]" started-at="2026-04-13T15:55:57 IST" name="setup" finished-at="2026-04-13T15:56:04 IST" duration-ms="6261" status="PASS">
          <reporter-output>
          </reporter-output>
        </test-method> <!-- setup -->
        <test-method is-config="true" signature="setupTest()[pri:0, instance:testCases.LoginTestCases@6f63b475]" started-at="2026-04-13T15:56:04 IST" name="setupTest" finished-at="2026-04-13T15:56:06 IST" duration-ms="2466" status="PASS">
          <reporter-output>
          </reporter-output>
        </test-method> <!-- setupTest -->
        <test-method signature="verifyLoginPageElementsAreVisible()[pri:1, instance:testCases.LoginTestCases@6f63b475]" started-at="2026-04-13T15:56:06 IST" name="verifyLoginPageElementsAreVisible" description="Verify all login page elements are visible" finished-at="2026-04-13T15:56:10 IST" duration-ms="3819" status="PASS">
          <reporter-output>
          </reporter-output>
        </test-method> <!-- verifyLoginPageElementsAreVisible -->
        <test-method is-config="true" signature="setupTest()[pri:0, instance:testCases.LoginTestCases@6f63b475]" started-at="2026-04-13T15:56:10 IST" name="setupTest" finished-at="2026-04-13T15:56:12 IST" duration-ms="1813" status="PASS">
          <reporter-output>
          </reporter-output>
        </test-method> <!-- setupTest -->
        <test-method signature="verifySuccessfulLogin()[pri:2, instance:testCases.LoginTestCases@6f63b475]" started-at="2026-04-13T15:56:12 IST" name="verifySuccessfulLogin" description="Verify successful login with valid credentials" finished-at="2026-04-13T15:56:16 IST" duration-ms="4662" status="PASS">
          <reporter-output>
          </reporter-output>
        </test-method> <!-- verifySuccessfulLogin -->
        <test-method is-config="true" signature="setupTest()[pri:0, instance:testCases.LoginTestCases@6f63b475]" started-at="2026-04-13T15:56:16 IST" name="setupTest" finished-at="2026-04-13T15:56:18 IST" duration-ms="1720" status="PASS">
          <reporter-output>
          </reporter-output>
        </test-method> <!-- setupTest -->
        <test-method signature="verifySuccessfulLogout()[pri:3, instance:testCases.LoginTestCases@6f63b475]" started-at="2026-04-13T15:56:18 IST" name="verifySuccessfulLogout" description="Verify successful login and logout" finished-at="2026-04-13T15:56:24 IST" duration-ms="5681" status="PASS">
          <reporter-output>
          </reporter-output>
        </test-method> <!-- verifySuccessfulLogout -->
        <test-method is-config="true" signature="setupTest()[pri:0, instance:testCases.LoginTestCases@6f63b475]" started-at="2026-04-13T15:56:24 IST" name="setupTest" finished-at="2026-04-13T15:56:26 IST" duration-ms="1979" status="PASS">
          <reporter-output>
          </reporter-output>
        </test-method> <!-- setupTest -->
        <test-method signature="verifyLoginWithInvalidCredentials()[pri:4, instance:testCases.LoginTestCases@6f63b475]" started-at="2026-04-13T15:56:26 IST" name="verifyLoginWithInvalidCredentials" description="Verify login with invalid email and password" finished-at="2026-04-13T15:56:29 IST" duration-ms="3453" status="PASS">
          <reporter-output>
          </reporter-output>
        </test-method> <!-- verifyLoginWithInvalidCredentials -->
        <test-method is-config="true" signature="setupTest()[pri:0, instance:testCases.LoginTestCases@6f63b475]" started-at="2026-04-13T15:56:29 IST" name="setupTest" finished-at="2026-04-13T15:56:32 IST" duration-ms="2285" status="PASS">
          <reporter-output>
          </reporter-output>
        </test-method> <!-- setupTest -->
        <test-method signature="verifyLoginWithWrongPassword()[pri:5, instance:testCases.LoginTestCases@6f63b475]" started-at="2026-04-13T15:56:32 IST" name="verifyLoginWithWrongPassword" description="Verify login with wrong password for valid email" finished-at="2026-04-13T15:56:35 IST" duration-ms="3417" status="PASS">
          <reporter-output>
          </reporter-output>
        </test-method> <!-- verifyLoginWithWrongPassword -->
        <test-method is-config="true" signature="setupTest()[pri:0, instance:testCases.LoginTestCases@6f63b475]" started-at="2026-04-13T15:56:35 IST" name="setupTest" finished-at="2026-04-13T15:56:36 IST" duration-ms="990" status="PASS">
          <reporter-output>
          </reporter-output>
        </test-method> <!-- setupTest -->
        <test-method signature="verifyLoginWithEmptyEmail()[pri:6, instance:testCases.LoginTestCases@6f63b475]" started-at="2026-04-13T15:56:36 IST" name="verifyLoginWithEmptyEmail" description="Verify login with empty email field stays on login page" finished-at="2026-04-13T15:56:42 IST" duration-ms="5878" status="PASS">
          <reporter-output>
          </reporter-output>
        </test-method> <!-- verifyLoginWithEmptyEmail -->
        <test-method is-config="true" signature="setupTest()[pri:0, instance:testCases.LoginTestCases@6f63b475]" started-at="2026-04-13T15:56:42 IST" name="setupTest" finished-at="2026-04-13T15:56:45 IST" duration-ms="3465" status="PASS">
          <reporter-output>
          </reporter-output>
        </test-method> <!-- setupTest -->
        <test-method signature="verifyLoginWithEmptyPassword()[pri:7, instance:testCases.LoginTestCases@6f63b475]" started-at="2026-04-13T15:56:45 IST" name="verifyLoginWithEmptyPassword" description="Verify login with empty password stays on login page" finished-at="2026-04-13T15:56:49 IST" duration-ms="3148" status="PASS">
          <reporter-output>
          </reporter-output>
        </test-method> <!-- verifyLoginWithEmptyPassword -->
        <test-method is-config="true" signature="setupTest()[pri:0, instance:testCases.LoginTestCases@6f63b475]" started-at="2026-04-13T15:56:49 IST" name="setupTest" finished-at="2026-04-13T15:56:51 IST" duration-ms="2834" status="PASS">
          <reporter-output>
          </reporter-output>
        </test-method> <!-- setupTest -->
        <test-method signature="verifyLoginWithBothFieldsEmpty()[pri:8, instance:testCases.LoginTestCases@6f63b475]" started-at="2026-04-13T15:56:51 IST" name="verifyLoginWithBothFieldsEmpty" description="Verify login with both fields empty" finished-at="2026-04-13T15:56:55 IST" duration-ms="3183" status="PASS">
          <reporter-output>
          </reporter-output>
        </test-method> <!-- verifyLoginWithBothFieldsEmpty -->
        <test-method is-config="true" signature="setupTest()[pri:0, instance:testCases.LoginTestCases@6f63b475]" started-at="2026-04-13T15:56:55 IST" name="setupTest" finished-at="2026-04-13T15:56:57 IST" duration-ms="2618" status="PASS">
          <reporter-output>
          </reporter-output>
        </test-method> <!-- setupTest -->
        <test-method signature="verifyLoginWithInvalidEmailFormat()[pri:9, instance:testCases.LoginTestCases@6f63b475]" started-at="2026-04-13T15:56:57 IST" name="verifyLoginWithInvalidEmailFormat" description="Verify login with invalid email format" finished-at="2026-04-13T15:57:01 IST" duration-ms="3910" status="PASS">
          <reporter-output>
          </reporter-output>
        </test-method> <!-- verifyLoginWithInvalidEmailFormat -->
        <test-method is-config="true" signature="quit()[pri:0, instance:testCases.LoginTestCases@6f63b475]" started-at="2026-04-13T15:57:01 IST" name="quit" finished-at="2026-04-13T15:57:02 IST" duration-ms="747" status="PASS">
          <reporter-output>
          </reporter-output>
        </test-method> <!-- quit -->
      </class> <!-- testCases.LoginTestCases -->
    </test> <!-- LoginTests -->
  </suite> <!-- EcommerceSuite -->
</testng-results>
