<?xml version="1.0" encoding="UTF-8"?>
<!-- Generated by org.testng.reporters.JUnitXMLReporter -->
<testsuite ignored="0" hostname="DESKTOP-2O0BIIS" failures="0" tests="3" name="HomePageTests" time="18.119" errors="0" timestamp="2026-04-13T15:55:03 IST">
  <testcase classname="testCases.HomePageTestCases" name="verifyNavigationToRegisterPage" time="4.319"/>
  <testcase classname="testCases.HomePageTestCases" name="verifyNavigationToLoginPage" time="1.638"/>
  <testcase classname="testCases.HomePageTestCases" name="verifyHomePageTitle" time="0.014"/>
</testsuite> <!-- HomePageTests -->
