<?xml version="1.0" encoding="UTF-8"?>
<!-- Generated by org.testng.reporters.JUnitXMLReporter -->
<testsuite ignored="0" hostname="DESKTOP-2O0BIIS" failures="2" tests="7" name="RegisterTests" time="53.925" errors="0" timestamp="2026-04-13T15:55:57 IST">
  <testcase classname="testCases.RegisterAccountTestCases" name="verifySuccessfulRegistration" time="10.427"/>
  <testcase classname="testCases.RegisterAccountTestCases" name="verifyRegistrationWithDuplicateEmail" time="2.783"/>
  <testcase classname="testCases.RegisterAccountTestCases" name="verifyRegistrationWithPasswordMismatch" time="4.783">
    <failure type="java.lang.AssertionError" message="TC-R03 FAILED: Password mismatch error not displayed expected [true] but found [false]">
      <![CDATA[java.lang.AssertionError: TC-R03 FAILED: Password mismatch error not displayed expected [true] but found [false]
at testCases.RegisterAccountTestCases.verifyRegistrationWithPasswordMismatch(RegisterAccountTestCases.java:79)
at java.base/java.util.ArrayList.forEach(ArrayList.java:1596)
... Removed 28 stack frames]]>
    </failure>
  </testcase> <!-- verifyRegistrationWithPasswordMismatch -->
  <testcase classname="testCases.RegisterAccountTestCases" name="verifyRegistrationWithAllFieldsEmpty" time="3.447"/>
  <testcase classname="testCases.RegisterAccountTestCases" name="verifyRegistrationWithInvalidEmailFormat" time="2.283"/>
  <testcase classname="testCases.RegisterAccountTestCases" name="verifyRegistrationWithoutPrivacyPolicy" time="4.655">
    <failure type="java.lang.AssertionError" message="TC-R06 FAILED: Should not register without policy agreement expected [true] but found [false]">
      <![CDATA[java.lang.AssertionError: TC-R06 FAILED: Should not register without policy agreement expected [true] but found [false]
at testCases.RegisterAccountTestCases.verifyRegistrationWithoutPrivacyPolicy(RegisterAccountTestCases.java:126)
at java.base/java.util.ArrayList.forEach(ArrayList.java:1596)
... Removed 28 stack frames]]>
    </failure>
  </testcase> <!-- verifyRegistrationWithoutPrivacyPolicy -->
  <testcase classname="testCases.RegisterAccountTestCases" name="verifyRegistrationWithWeakPassword" time="3.08"/>
</testsuite> <!-- RegisterTests -->
