<?xml version="1.0" encoding="UTF-8"?>
<!-- Generated by org.testng.reporters.JUnitReportReporter -->
<testsuite hostname="DESKTOP-2O0BIIS" failures="0" tests="9" name="testCases.LoginTestCases" time="57.321" errors="0" timestamp="2026-04-13T15:57:03 IST" skipped="0">
  <testcase classname="testCases.LoginTestCases" name="verifyLoginPageElementsAreVisible" time="5.632"/>
  <testcase classname="testCases.LoginTestCases" name="verifySuccessfulLogin" time="6.947"/>
  <testcase classname="testCases.LoginTestCases" name="verifySuccessfulLogout" time="8.299"/>
  <testcase classname="testCases.LoginTestCases" name="verifyLoginWithInvalidCredentials" time="5.432"/>
  <testcase classname="testCases.LoginTestCases" name="verifyLoginWithWrongPassword" time="6.251"/>
  <testcase classname="testCases.LoginTestCases" name="verifyLoginWithEmptyEmail" time="8.344"/>
  <testcase classname="testCases.LoginTestCases" name="verifyLoginWithEmptyPassword" time="4.138"/>
  <testcase classname="testCases.LoginTestCases" name="verifyLoginWithBothFieldsEmpty" time="6.648"/>
  <testcase classname="testCases.LoginTestCases" name="verifyLoginWithInvalidEmailFormat" time="5.630"/>
</testsuite> <!-- testCases.LoginTestCases -->
