<?xml version="1.0" encoding="UTF-8"?>
<!-- Generated by org.testng.reporters.JUnitXMLReporter -->
<testsuite ignored="2" hostname="DESKTOP-2O0BIIS" failures="1" tests="25" name="Test" time="92.247" errors="0" timestamp="2026-05-31T14:55:29 IST">
  <testcase classname="testCases.Login_Test" name="login" time="9.058"/>
  <testcase classname="testCases.SellingCombinations" name="regular_Longterm_Market_Day" time="2.661"/>
  <testcase classname="testCases.SellingCombinations" name="regular_Longterm_Market_Immediate" time="2.364"/>
  <testcase classname="testCases.SellingCombinations" name="regular_Longterm_Limit_Day" time="2.261"/>
  <testcase classname="testCases.SellingCombinations" name="regular_Longterm_Limit_Immediate" time="2.358"/>
  <testcase classname="testCases.SellingCombinations" name="regular_Longterm_SL_Day" time="2.841"/>
  <testcase classname="testCases.SellingCombinations" name="regular_Longterm_SL_Immediate" time="2.725"/>
  <testcase classname="testCases.SellingCombinations" name="regular_Longterm_SLM_Day" time="2.247"/>
  <testcase classname="testCases.SellingCombinations" name="regular_Longterm_SLM_Immediate" time="2.267"/>
  <testcase classname="testCases.SellingCombinations" name="verifyQuantityAs0" time="1.759">
    <skipped/>
  </testcase> <!-- verifyQuantityAs0 -->
  <testcase classname="testCases.SellingCombinations" name="verifyQuantityAs0" time="2.097"/>
  <testcase classname="testCases.SellingCombinations" name="verifyQuantityLessThan0" time="1.955">
    <skipped/>
  </testcase> <!-- verifyQuantityLessThan0 -->
  <testcase classname="testCases.SellingCombinations" name="verifyQuantityLessThan0" time="12.035"/>
  <testcase classname="testCases.SellingCombinations" name="verifyQuantityMoreExchangeQuantity" time="3.348"/>
  <testcase classname="testCases.SellingCombinations" name="verifyQuantityMoreThan0" time="2.015"/>
  <testcase classname="testCases.SellingCombinations" name="verifyPriceAs0" time="2.216">
    <skipped/>
  </testcase> <!-- verifyPriceAs0 -->
  <testcase classname="testCases.SellingCombinations" name="verifyPriceAs0" time="2.489">
    <skipped/>
  </testcase> <!-- verifyPriceAs0 -->
  <testcase classname="testCases.SellingCombinations" name="verifyPriceAs0" time="12.439"/>
  <testcase classname="testCases.SellingCombinations" name="priceMorethanCircuit" time="2.78">
    <skipped/>
  </testcase> <!-- priceMorethanCircuit -->
  <testcase classname="testCases.SellingCombinations" name="priceMorethanCircuit" time="3.444"/>
  <testcase classname="testCases.SellingCombinations" name="priceLessthanCircuit" time="2.769"/>
  <testcase classname="testCases.SellingCombinations" name="triggerPriceGreaterThanPrice" time="2.53">
    <skipped/>
  </testcase> <!-- triggerPriceGreaterThanPrice -->
  <testcase classname="testCases.SellingCombinations" name="triggerPriceGreaterThanPrice" time="2.629">
    <skipped/>
  </testcase> <!-- triggerPriceGreaterThanPrice -->
  <testcase classname="testCases.SellingCombinations" name="triggerPriceGreaterThanPrice" time="2.725">
    <failure type="java.lang.AssertionError" message="Test failed — invalid value was accepted expected [false] but found [true]">
      <![CDATA[java.lang.AssertionError: Test failed — invalid value was accepted expected [false] but found [true]
at pageObject.BuyFlow.invalidQuantity_Price(BuyFlow.java:272)
at testCases.SellingCombinations.triggerPriceGreaterThanPrice(SellingCombinations.java:142)
at java.base/java.util.ArrayList.forEach(ArrayList.java:1596)
... Removed 28 stack frames]]>
    </failure>
  </testcase> <!-- triggerPriceGreaterThanPrice -->
  <testcase classname="testCases.SellingCombinations" name="triggerPriceLessThanMarketPrice" time="2.733"/>
  <testcase classname="testBase.BaseClass" name="@AfterSuite teardown" time="0.0">
    <ignored/>
  </testcase> <!-- @AfterSuite teardown -->
  <testcase classname="testBase.BaseClass" name="@BeforeTest setup" time="0.0">
    <ignored/>
  </testcase> <!-- @BeforeTest setup -->
</testsuite> <!-- Test -->
