<?xml version="1.0" encoding="UTF-8"?>
<testng-results retried="7" ignored="0" total="25" passed="17" failed="1" skipped="0">
  <reporter-output>
  </reporter-output>
  <suite started-at="2026-05-31T14:53:56 IST" name="Suite" finished-at="2026-05-31T14:55:28 IST" duration-ms="92247">
    <groups>
    </groups>
    <test started-at="2026-05-31T14:53:56 IST" name="Test" finished-at="2026-05-31T14:55:28 IST" duration-ms="92247">
      <class name="testCases.SellingCombinations">
        <test-method is-config="true" signature="initHelper()[pri:0, instance:testCases.SellingCombinations@7749bf93]" started-at="2026-05-31T14:54:08 IST" name="initHelper" finished-at="2026-05-31T14:54:08 IST" duration-ms="31" status="PASS">
          <reporter-output>
          </reporter-output>
        </test-method> <!-- initHelper -->
        <test-method signature="regular_Longterm_Market_Day()[pri:1, instance:testCases.SellingCombinations@7749bf93]" started-at="2026-05-31T14:54:08 IST" name="regular_Longterm_Market_Day" description="Regular | Longterm | Market | Day" finished-at="2026-05-31T14:54:10 IST" duration-ms="2661" status="PASS">
          <reporter-output>
          </reporter-output>
        </test-method> <!-- regular_Longterm_Market_Day -->
        <test-method is-config="true" signature="initHelper()[pri:0, instance:testCases.SellingCombinations@7749bf93]" started-at="2026-05-31T14:54:10 IST" name="initHelper" finished-at="2026-05-31T14:54:10 IST" duration-ms="4" status="PASS">
          <reporter-output>
          </reporter-output>
        </test-method> <!-- initHelper -->
        <test-method signature="regular_Longterm_Market_Immediate()[pri:2, instance:testCases.SellingCombinations@7749bf93]" started-at="2026-05-31T14:54:10 IST" name="regular_Longterm_Market_Immediate" description="Regular | Longterm | Market | Immediate" finished-at="2026-05-31T14:54:13 IST" duration-ms="2364" status="PASS">
          <reporter-output>
          </reporter-output>
        </test-method> <!-- regular_Longterm_Market_Immediate -->
        <test-method is-config="true" signature="initHelper()[pri:0, instance:testCases.SellingCombinations@7749bf93]" started-at="2026-05-31T14:54:13 IST" name="initHelper" finished-at="2026-05-31T14:54:13 IST" duration-ms="9" status="PASS">
          <reporter-output>
          </reporter-output>
        </test-method> <!-- initHelper -->
        <test-method signature="regular_Longterm_Limit_Day()[pri:3, instance:testCases.SellingCombinations@7749bf93]" started-at="2026-05-31T14:54:13 IST" name="regular_Longterm_Limit_Day" description="Regular | Longterm | Limit | Day" finished-at="2026-05-31T14:54:15 IST" duration-ms="2261" status="PASS">
          <reporter-output>
          </reporter-output>
        </test-method> <!-- regular_Longterm_Limit_Day -->
        <test-method is-config="true" signature="initHelper()[pri:0, instance:testCases.SellingCombinations@7749bf93]" started-at="2026-05-31T14:54:15 IST" name="initHelper" finished-at="2026-05-31T14:54:15 IST" duration-ms="6" status="PASS">
          <reporter-output>
          </reporter-output>
        </test-method> <!-- initHelper -->
        <test-method signature="regular_Longterm_Limit_Immediate()[pri:4, instance:testCases.SellingCombinations@7749bf93]" started-at="2026-05-31T14:54:15 IST" name="regular_Longterm_Limit_Immediate" description="Regular | Longterm | Limit | Immediate" finished-at="2026-05-31T14:54:17 IST" duration-ms="2358" status="PASS">
          <reporter-output>
          </reporter-output>
        </test-method> <!-- regular_Longterm_Limit_Immediate -->
        <test-method is-config="true" signature="initHelper()[pri:0, instance:testCases.SellingCombinations@7749bf93]" started-at="2026-05-31T14:54:17 IST" name="initHelper" finished-at="2026-05-31T14:54:17 IST" duration-ms="5" status="PASS">
          <reporter-output>
          </reporter-output>
        </test-method> <!-- initHelper -->
        <test-method signature="regular_Longterm_SL_Day()[pri:5, instance:testCases.SellingCombinations@7749bf93]" started-at="2026-05-31T14:54:17 IST" name="regular_Longterm_SL_Day" description="Regular | Longterm | SL | Day" finished-at="2026-05-31T14:54:20 IST" duration-ms="2841" status="PASS">
          <reporter-output>
          </reporter-output>
        </test-method> <!-- regular_Longterm_SL_Day -->
        <test-method is-config="true" signature="initHelper()[pri:0, instance:testCases.SellingCombinations@7749bf93]" started-at="2026-05-31T14:54:20 IST" name="initHelper" finished-at="2026-05-31T14:54:20 IST" duration-ms="7" status="PASS">
          <reporter-output>
          </reporter-output>
        </test-method> <!-- initHelper -->
        <test-method signature="regular_Longterm_SL_Immediate()[pri:6, instance:testCases.SellingCombinations@7749bf93]" started-at="2026-05-31T14:54:20 IST" name="regular_Longterm_SL_Immediate" description="Regular | Longterm | SL | Immediate" finished-at="2026-05-31T14:54:23 IST" duration-ms="2725" status="PASS">
          <reporter-output>
          </reporter-output>
        </test-method> <!-- regular_Longterm_SL_Immediate -->
        <test-method is-config="true" signature="initHelper()[pri:0, instance:testCases.SellingCombinations@7749bf93]" started-at="2026-05-31T14:54:23 IST" name="initHelper" finished-at="2026-05-31T14:54:23 IST" duration-ms="6" status="PASS">
          <reporter-output>
          </reporter-output>
        </test-method> <!-- initHelper -->
        <test-method signature="regular_Longterm_SLM_Day()[pri:7, instance:testCases.SellingCombinations@7749bf93]" started-at="2026-05-31T14:54:23 IST" name="regular_Longterm_SLM_Day" description="Regular | Longterm | SL-M | Day" finished-at="2026-05-31T14:54:25 IST" duration-ms="2247" status="PASS">
          <reporter-output>
          </reporter-output>
        </test-method> <!-- regular_Longterm_SLM_Day -->
        <test-method is-config="true" signature="initHelper()[pri:0, instance:testCases.SellingCombinations@7749bf93]" started-at="2026-05-31T14:54:25 IST" name="initHelper" finished-at="2026-05-31T14:54:25 IST" duration-ms="4" status="PASS">
          <reporter-output>
          </reporter-output>
        </test-method> <!-- initHelper -->
        <test-method signature="regular_Longterm_SLM_Immediate()[pri:8, instance:testCases.SellingCombinations@7749bf93]" started-at="2026-05-31T14:54:25 IST" name="regular_Longterm_SLM_Immediate" description="Regular | Longterm | SL-M | Immediate" finished-at="2026-05-31T14:54:27 IST" duration-ms="2267" status="PASS">
          <reporter-output>
          </reporter-output>
        </test-method> <!-- regular_Longterm_SLM_Immediate -->
        <test-method is-config="true" signature="initHelper()[pri:0, instance:testCases.SellingCombinations@7749bf93]" started-at="2026-05-31T14:54:27 IST" name="initHelper" finished-at="2026-05-31T14:54:27 IST" duration-ms="3" status="PASS">
          <reporter-output>
          </reporter-output>
        </test-method> <!-- initHelper -->
        <test-method retried="true" signature="verifyQuantityAs0()[pri:13, instance:testCases.SellingCombinations@7749bf93]" started-at="2026-05-31T14:54:27 IST" name="verifyQuantityAs0" description="TC_001 - Buy order with quantity = 0 should not be accepted" finished-at="2026-05-31T14:54:29 IST" duration-ms="1759" status="SKIP">
          <exception class="java.lang.AssertionError">
            <message>
              <![CDATA[Test failed — invalid value was accepted expected [false] but found [true]]]>
            </message>
            <full-stacktrace>
              <![CDATA[java.lang.AssertionError: Test failed — invalid value was accepted expected [false] but found [true]
at org.testng.Assert.fail(Assert.java:111)
at org.testng.Assert.failNotEquals(Assert.java:1590)
at org.testng.Assert.assertFalse(Assert.java:79)
at pageObject.BuyFlow.invalidQuantity_Price(BuyFlow.java:272)
at testCases.SellingCombinations.verifyQuantityAs0(SellingCombinations.java:85)
at java.base/jdk.internal.reflect.DirectMethodHandleAccessor.invoke(DirectMethodHandleAccessor.java:103)
at java.base/java.lang.reflect.Method.invoke(Method.java:580)
at org.testng.internal.invokers.MethodInvocationHelper.invokeMethod(MethodInvocationHelper.java:141)
at org.testng.internal.invokers.TestInvoker.invokeMethod(TestInvoker.java:697)
at org.testng.internal.invokers.TestInvoker.invokeTestMethod(TestInvoker.java:230)
at org.testng.internal.invokers.MethodRunner.runInSequence(MethodRunner.java:63)
at org.testng.internal.invokers.TestInvoker$MethodInvocationAgent.invoke(TestInvoker.java:1005)
at org.testng.internal.invokers.TestInvoker.invokeTestMethods(TestInvoker.java:203)
at org.testng.internal.invokers.TestMethodWorker.invokeTestMethods(TestMethodWorker.java:154)
at org.testng.internal.invokers.TestMethodWorker.run(TestMethodWorker.java:134)
at java.base/java.util.ArrayList.forEach(ArrayList.java:1596)
at org.testng.TestRunner.privateRun(TestRunner.java:744)
at org.testng.TestRunner.run(TestRunner.java:616)
at org.testng.SuiteRunner.runTest(SuiteRunner.java:421)
at org.testng.SuiteRunner.runSequentially(SuiteRunner.java:413)
at org.testng.SuiteRunner.privateRun(SuiteRunner.java:373)
at org.testng.SuiteRunner.run(SuiteRunner.java:312)
at org.testng.SuiteRunnerWorker.runSuite(SuiteRunnerWorker.java:52)
at org.testng.SuiteRunnerWorker.run(SuiteRunnerWorker.java:95)
at org.testng.TestNG.runSuitesSequentially(TestNG.java:1274)
at org.testng.TestNG.runSuitesLocally(TestNG.java:1208)
at org.testng.TestNG.runSuites(TestNG.java:1112)
at org.testng.TestNG.run(TestNG.java:1079)
at org.testng.remote.AbstractRemoteTestNG.run(AbstractRemoteTestNG.java:115)
at org.testng.remote.RemoteTestNG.initAndRun(RemoteTestNG.java:293)
at org.testng.remote.RemoteTestNG.main(RemoteTestNG.java:91)
]]>
            </full-stacktrace>
          </exception> <!-- java.lang.AssertionError -->
          <reporter-output>
          </reporter-output>
        </test-method> <!-- verifyQuantityAs0 -->
        <test-method is-config="true" signature="initHelper()[pri:0, instance:testCases.SellingCombinations@7749bf93]" started-at="2026-05-31T14:54:29 IST" name="initHelper" finished-at="2026-05-31T14:54:29 IST" duration-ms="5" status="PASS">
          <reporter-output>
          </reporter-output>
        </test-method> <!-- initHelper -->
        <test-method signature="verifyQuantityAs0()[pri:13, instance:testCases.SellingCombinations@7749bf93]" started-at="2026-05-31T14:54:29 IST" name="verifyQuantityAs0" description="TC_001 - Buy order with quantity = 0 should not be accepted" finished-at="2026-05-31T14:54:31 IST" duration-ms="2097" status="PASS">
          <reporter-output>
          </reporter-output>
        </test-method> <!-- verifyQuantityAs0 -->
        <test-method is-config="true" signature="initHelper()[pri:0, instance:testCases.SellingCombinations@7749bf93]" started-at="2026-05-31T14:54:31 IST" name="initHelper" finished-at="2026-05-31T14:54:31 IST" duration-ms="2" status="PASS">
          <reporter-output>
          </reporter-output>
        </test-method> <!-- initHelper -->
        <test-method retried="true" signature="verifyQuantityLessThan0()[pri:14, instance:testCases.SellingCombinations@7749bf93]" started-at="2026-05-31T14:54:31 IST" name="verifyQuantityLessThan0" description="TC_002 - Buy order with quantity &lt; 0 should not be accepted" finished-at="2026-05-31T14:54:33 IST" duration-ms="1955" status="SKIP">
          <exception class="java.lang.AssertionError">
            <message>
              <![CDATA[Test failed — invalid value was accepted expected [false] but found [true]]]>
            </message>
            <full-stacktrace>
              <![CDATA[java.lang.AssertionError: Test failed — invalid value was accepted expected [false] but found [true]
at org.testng.Assert.fail(Assert.java:111)
at org.testng.Assert.failNotEquals(Assert.java:1590)
at org.testng.Assert.assertFalse(Assert.java:79)
at pageObject.BuyFlow.invalidQuantity_Price(BuyFlow.java:272)
at testCases.SellingCombinations.verifyQuantityLessThan0(SellingCombinations.java:93)
at java.base/jdk.internal.reflect.DirectMethodHandleAccessor.invoke(DirectMethodHandleAccessor.java:103)
at java.base/java.lang.reflect.Method.invoke(Method.java:580)
at org.testng.internal.invokers.MethodInvocationHelper.invokeMethod(MethodInvocationHelper.java:141)
at org.testng.internal.invokers.TestInvoker.invokeMethod(TestInvoker.java:697)
at org.testng.internal.invokers.TestInvoker.invokeTestMethod(TestInvoker.java:230)
at org.testng.internal.invokers.MethodRunner.runInSequence(MethodRunner.java:63)
at org.testng.internal.invokers.TestInvoker$MethodInvocationAgent.invoke(TestInvoker.java:1005)
at org.testng.internal.invokers.TestInvoker.invokeTestMethods(TestInvoker.java:203)
at org.testng.internal.invokers.TestMethodWorker.invokeTestMethods(TestMethodWorker.java:154)
at org.testng.internal.invokers.TestMethodWorker.run(TestMethodWorker.java:134)
at java.base/java.util.ArrayList.forEach(ArrayList.java:1596)
at org.testng.TestRunner.privateRun(TestRunner.java:744)
at org.testng.TestRunner.run(TestRunner.java:616)
at org.testng.SuiteRunner.runTest(SuiteRunner.java:421)
at org.testng.SuiteRunner.runSequentially(SuiteRunner.java:413)
at org.testng.SuiteRunner.privateRun(SuiteRunner.java:373)
at org.testng.SuiteRunner.run(SuiteRunner.java:312)
at org.testng.SuiteRunnerWorker.runSuite(SuiteRunnerWorker.java:52)
at org.testng.SuiteRunnerWorker.run(SuiteRunnerWorker.java:95)
at org.testng.TestNG.runSuitesSequentially(TestNG.java:1274)
at org.testng.TestNG.runSuitesLocally(TestNG.java:1208)
at org.testng.TestNG.runSuites(TestNG.java:1112)
at org.testng.TestNG.run(TestNG.java:1079)
at org.testng.remote.AbstractRemoteTestNG.run(AbstractRemoteTestNG.java:115)
at org.testng.remote.RemoteTestNG.initAndRun(RemoteTestNG.java:293)
at org.testng.remote.RemoteTestNG.main(RemoteTestNG.java:91)
]]>
            </full-stacktrace>
          </exception> <!-- java.lang.AssertionError -->
          <reporter-output>
          </reporter-output>
        </test-method> <!-- verifyQuantityLessThan0 -->
        <test-method is-config="true" signature="initHelper()[pri:0, instance:testCases.SellingCombinations@7749bf93]" started-at="2026-05-31T14:54:33 IST" name="initHelper" finished-at="2026-05-31T14:54:33 IST" duration-ms="3" status="PASS">
          <reporter-output>
          </reporter-output>
        </test-method> <!-- initHelper -->
        <test-method signature="verifyQuantityLessThan0()[pri:14, instance:testCases.SellingCombinations@7749bf93]" started-at="2026-05-31T14:54:33 IST" name="verifyQuantityLessThan0" description="TC_002 - Buy order with quantity &lt; 0 should not be accepted" finished-at="2026-05-31T14:54:45 IST" duration-ms="12035" status="PASS">
          <reporter-output>
          </reporter-output>
        </test-method> <!-- verifyQuantityLessThan0 -->
        <test-method is-config="true" signature="initHelper()[pri:0, instance:testCases.SellingCombinations@7749bf93]" started-at="2026-05-31T14:54:45 IST" name="initHelper" finished-at="2026-05-31T14:54:45 IST" duration-ms="7" status="PASS">
          <reporter-output>
          </reporter-output>
        </test-method> <!-- initHelper -->
        <test-method signature="verifyQuantityMoreExchangeQuantity()[pri:15, instance:testCases.SellingCombinations@7749bf93]" started-at="2026-05-31T14:54:45 IST" name="verifyQuantityMoreExchangeQuantity" description="TC_004 - Buy order with quantity exceeding exchange limit should not be accepted" finished-at="2026-05-31T14:54:49 IST" duration-ms="3348" status="PASS">
          <reporter-output>
          </reporter-output>
        </test-method> <!-- verifyQuantityMoreExchangeQuantity -->
        <test-method is-config="true" signature="initHelper()[pri:0, instance:testCases.SellingCombinations@7749bf93]" started-at="2026-05-31T14:54:49 IST" name="initHelper" finished-at="2026-05-31T14:54:49 IST" duration-ms="2" status="PASS">
          <reporter-output>
          </reporter-output>
        </test-method> <!-- initHelper -->
        <test-method signature="verifyQuantityMoreThan0()[pri:15, instance:testCases.SellingCombinations@7749bf93]" started-at="2026-05-31T14:54:49 IST" name="verifyQuantityMoreThan0" description="TC_003 - Buy order with quantity &gt; 0 should be accepted" finished-at="2026-05-31T14:54:51 IST" duration-ms="2015" status="PASS">
          <reporter-output>
          </reporter-output>
        </test-method> <!-- verifyQuantityMoreThan0 -->
        <test-method is-config="true" signature="initHelper()[pri:0, instance:testCases.SellingCombinations@7749bf93]" started-at="2026-05-31T14:54:51 IST" name="initHelper" finished-at="2026-05-31T14:54:51 IST" duration-ms="4" status="PASS">
          <reporter-output>
          </reporter-output>
        </test-method> <!-- initHelper -->
        <test-method retried="true" signature="verifyPriceAs0()[pri:16, instance:testCases.SellingCombinations@7749bf93]" started-at="2026-05-31T14:54:51 IST" name="verifyPriceAs0" description="TC_005 - Buy order with price = 0 should not be accepted" finished-at="2026-05-31T14:54:53 IST" duration-ms="2216" status="SKIP">
          <exception class="java.lang.AssertionError">
            <message>
              <![CDATA[Test failed — invalid value was accepted expected [false] but found [true]]]>
            </message>
            <full-stacktrace>
              <![CDATA[java.lang.AssertionError: Test failed — invalid value was accepted expected [false] but found [true]
at org.testng.Assert.fail(Assert.java:111)
at org.testng.Assert.failNotEquals(Assert.java:1590)
at org.testng.Assert.assertFalse(Assert.java:79)
at pageObject.BuyFlow.invalidQuantity_Price(BuyFlow.java:272)
at testCases.SellingCombinations.verifyPriceAs0(SellingCombinations.java:118)
at java.base/jdk.internal.reflect.DirectMethodHandleAccessor.invoke(DirectMethodHandleAccessor.java:103)
at java.base/java.lang.reflect.Method.invoke(Method.java:580)
at org.testng.internal.invokers.MethodInvocationHelper.invokeMethod(MethodInvocationHelper.java:141)
at org.testng.internal.invokers.TestInvoker.invokeMethod(TestInvoker.java:697)
at org.testng.internal.invokers.TestInvoker.invokeTestMethod(TestInvoker.java:230)
at org.testng.internal.invokers.MethodRunner.runInSequence(MethodRunner.java:63)
at org.testng.internal.invokers.TestInvoker$MethodInvocationAgent.invoke(TestInvoker.java:1005)
at org.testng.internal.invokers.TestInvoker.invokeTestMethods(TestInvoker.java:203)
at org.testng.internal.invokers.TestMethodWorker.invokeTestMethods(TestMethodWorker.java:154)
at org.testng.internal.invokers.TestMethodWorker.run(TestMethodWorker.java:134)
at java.base/java.util.ArrayList.forEach(ArrayList.java:1596)
at org.testng.TestRunner.privateRun(TestRunner.java:744)
at org.testng.TestRunner.run(TestRunner.java:616)
at org.testng.SuiteRunner.runTest(SuiteRunner.java:421)
at org.testng.SuiteRunner.runSequentially(SuiteRunner.java:413)
at org.testng.SuiteRunner.privateRun(SuiteRunner.java:373)
at org.testng.SuiteRunner.run(SuiteRunner.java:312)
at org.testng.SuiteRunnerWorker.runSuite(SuiteRunnerWorker.java:52)
at org.testng.SuiteRunnerWorker.run(SuiteRunnerWorker.java:95)
at org.testng.TestNG.runSuitesSequentially(TestNG.java:1274)
at org.testng.TestNG.runSuitesLocally(TestNG.java:1208)
at org.testng.TestNG.runSuites(TestNG.java:1112)
at org.testng.TestNG.run(TestNG.java:1079)
at org.testng.remote.AbstractRemoteTestNG.run(AbstractRemoteTestNG.java:115)
at org.testng.remote.RemoteTestNG.initAndRun(RemoteTestNG.java:293)
at org.testng.remote.RemoteTestNG.main(RemoteTestNG.java:91)
]]>
            </full-stacktrace>
          </exception> <!-- java.lang.AssertionError -->
          <reporter-output>
          </reporter-output>
        </test-method> <!-- verifyPriceAs0 -->
        <test-method is-config="true" signature="initHelper()[pri:0, instance:testCases.SellingCombinations@7749bf93]" started-at="2026-05-31T14:54:53 IST" name="initHelper" finished-at="2026-05-31T14:54:53 IST" duration-ms="3" status="PASS">
          <reporter-output>
          </reporter-output>
        </test-method> <!-- initHelper -->
        <test-method retried="true" signature="verifyPriceAs0()[pri:16, instance:testCases.SellingCombinations@7749bf93]" started-at="2026-05-31T14:54:53 IST" name="verifyPriceAs0" description="TC_005 - Buy order with price = 0 should not be accepted" finished-at="2026-05-31T14:54:55 IST" duration-ms="2489" status="SKIP">
          <exception class="java.lang.AssertionError">
            <message>
              <![CDATA[Test failed — invalid value was accepted expected [false] but found [true]]]>
            </message>
            <full-stacktrace>
              <![CDATA[java.lang.AssertionError: Test failed — invalid value was accepted expected [false] but found [true]
at org.testng.Assert.fail(Assert.java:111)
at org.testng.Assert.failNotEquals(Assert.java:1590)
at org.testng.Assert.assertFalse(Assert.java:79)
at pageObject.BuyFlow.invalidQuantity_Price(BuyFlow.java:272)
at testCases.SellingCombinations.verifyPriceAs0(SellingCombinations.java:118)
at java.base/jdk.internal.reflect.DirectMethodHandleAccessor.invoke(DirectMethodHandleAccessor.java:103)
at java.base/java.lang.reflect.Method.invoke(Method.java:580)
at org.testng.internal.invokers.MethodInvocationHelper.invokeMethod(MethodInvocationHelper.java:141)
at org.testng.internal.invokers.TestInvoker.invokeMethod(TestInvoker.java:697)
at org.testng.internal.invokers.TestInvoker.retryFailed(TestInvoker.java:280)
at org.testng.internal.invokers.MethodRunner.runInSequence(MethodRunner.java:76)
at org.testng.internal.invokers.TestInvoker$MethodInvocationAgent.invoke(TestInvoker.java:1005)
at org.testng.internal.invokers.TestInvoker.invokeTestMethods(TestInvoker.java:203)
at org.testng.internal.invokers.TestMethodWorker.invokeTestMethods(TestMethodWorker.java:154)
at org.testng.internal.invokers.TestMethodWorker.run(TestMethodWorker.java:134)
at java.base/java.util.ArrayList.forEach(ArrayList.java:1596)
at org.testng.TestRunner.privateRun(TestRunner.java:744)
at org.testng.TestRunner.run(TestRunner.java:616)
at org.testng.SuiteRunner.runTest(SuiteRunner.java:421)
at org.testng.SuiteRunner.runSequentially(SuiteRunner.java:413)
at org.testng.SuiteRunner.privateRun(SuiteRunner.java:373)
at org.testng.SuiteRunner.run(SuiteRunner.java:312)
at org.testng.SuiteRunnerWorker.runSuite(SuiteRunnerWorker.java:52)
at org.testng.SuiteRunnerWorker.run(SuiteRunnerWorker.java:95)
at org.testng.TestNG.runSuitesSequentially(TestNG.java:1274)
at org.testng.TestNG.runSuitesLocally(TestNG.java:1208)
at org.testng.TestNG.runSuites(TestNG.java:1112)
at org.testng.TestNG.run(TestNG.java:1079)
at org.testng.remote.AbstractRemoteTestNG.run(AbstractRemoteTestNG.java:115)
at org.testng.remote.RemoteTestNG.initAndRun(RemoteTestNG.java:293)
at org.testng.remote.RemoteTestNG.main(RemoteTestNG.java:91)
]]>
            </full-stacktrace>
          </exception> <!-- java.lang.AssertionError -->
          <reporter-output>
          </reporter-output>
        </test-method> <!-- verifyPriceAs0 -->
        <test-method is-config="true" signature="initHelper()[pri:0, instance:testCases.SellingCombinations@7749bf93]" started-at="2026-05-31T14:54:55 IST" name="initHelper" finished-at="2026-05-31T14:54:55 IST" duration-ms="3" status="PASS">
          <reporter-output>
          </reporter-output>
        </test-method> <!-- initHelper -->
        <test-method signature="verifyPriceAs0()[pri:16, instance:testCases.SellingCombinations@7749bf93]" started-at="2026-05-31T14:54:55 IST" name="verifyPriceAs0" description="TC_005 - Buy order with price = 0 should not be accepted" finished-at="2026-05-31T14:55:08 IST" duration-ms="12439" status="PASS">
          <reporter-output>
          </reporter-output>
        </test-method> <!-- verifyPriceAs0 -->
        <test-method is-config="true" signature="initHelper()[pri:0, instance:testCases.SellingCombinations@7749bf93]" started-at="2026-05-31T14:55:08 IST" name="initHelper" finished-at="2026-05-31T14:55:08 IST" duration-ms="3" status="PASS">
          <reporter-output>
          </reporter-output>
        </test-method> <!-- initHelper -->
        <test-method retried="true" signature="priceMorethanCircuit()[pri:17, instance:testCases.SellingCombinations@7749bf93]" started-at="2026-05-31T14:55:08 IST" name="priceMorethanCircuit" description="TC_006 - Buy order with price above upper circuit should not be accepted" finished-at="2026-05-31T14:55:11 IST" duration-ms="2780" status="SKIP">
          <exception class="java.lang.AssertionError">
            <message>
              <![CDATA[Test failed — price beyond circuit was accepted expected [true] but found [false]]]>
            </message>
            <full-stacktrace>
              <![CDATA[java.lang.AssertionError: Test failed — price beyond circuit was accepted expected [true] but found [false]
at org.testng.Assert.fail(Assert.java:111)
at org.testng.Assert.failNotEquals(Assert.java:1590)
at org.testng.Assert.assertTrue(Assert.java:57)
at pageObject.BuyFlow.verifyPriceMoreThanCircuit(BuyFlow.java:283)
at testCases.SellingCombinations.priceMorethanCircuit(SellingCombinations.java:126)
at java.base/jdk.internal.reflect.DirectMethodHandleAccessor.invoke(DirectMethodHandleAccessor.java:103)
at java.base/java.lang.reflect.Method.invoke(Method.java:580)
at org.testng.internal.invokers.MethodInvocationHelper.invokeMethod(MethodInvocationHelper.java:141)
at org.testng.internal.invokers.TestInvoker.invokeMethod(TestInvoker.java:697)
at org.testng.internal.invokers.TestInvoker.invokeTestMethod(TestInvoker.java:230)
at org.testng.internal.invokers.MethodRunner.runInSequence(MethodRunner.java:63)
at org.testng.internal.invokers.TestInvoker$MethodInvocationAgent.invoke(TestInvoker.java:1005)
at org.testng.internal.invokers.TestInvoker.invokeTestMethods(TestInvoker.java:203)
at org.testng.internal.invokers.TestMethodWorker.invokeTestMethods(TestMethodWorker.java:154)
at org.testng.internal.invokers.TestMethodWorker.run(TestMethodWorker.java:134)
at java.base/java.util.ArrayList.forEach(ArrayList.java:1596)
at org.testng.TestRunner.privateRun(TestRunner.java:744)
at org.testng.TestRunner.run(TestRunner.java:616)
at org.testng.SuiteRunner.runTest(SuiteRunner.java:421)
at org.testng.SuiteRunner.runSequentially(SuiteRunner.java:413)
at org.testng.SuiteRunner.privateRun(SuiteRunner.java:373)
at org.testng.SuiteRunner.run(SuiteRunner.java:312)
at org.testng.SuiteRunnerWorker.runSuite(SuiteRunnerWorker.java:52)
at org.testng.SuiteRunnerWorker.run(SuiteRunnerWorker.java:95)
at org.testng.TestNG.runSuitesSequentially(TestNG.java:1274)
at org.testng.TestNG.runSuitesLocally(TestNG.java:1208)
at org.testng.TestNG.runSuites(TestNG.java:1112)
at org.testng.TestNG.run(TestNG.java:1079)
at org.testng.remote.AbstractRemoteTestNG.run(AbstractRemoteTestNG.java:115)
at org.testng.remote.RemoteTestNG.initAndRun(RemoteTestNG.java:293)
at org.testng.remote.RemoteTestNG.main(RemoteTestNG.java:91)
]]>
            </full-stacktrace>
          </exception> <!-- java.lang.AssertionError -->
          <reporter-output>
          </reporter-output>
        </test-method> <!-- priceMorethanCircuit -->
        <test-method is-config="true" signature="initHelper()[pri:0, instance:testCases.SellingCombinations@7749bf93]" started-at="2026-05-31T14:55:11 IST" name="initHelper" finished-at="2026-05-31T14:55:11 IST" duration-ms="4" status="PASS">
          <reporter-output>
          </reporter-output>
        </test-method> <!-- initHelper -->
        <test-method signature="priceMorethanCircuit()[pri:17, instance:testCases.SellingCombinations@7749bf93]" started-at="2026-05-31T14:55:11 IST" name="priceMorethanCircuit" description="TC_006 - Buy order with price above upper circuit should not be accepted" finished-at="2026-05-31T14:55:14 IST" duration-ms="3444" status="PASS">
          <reporter-output>
          </reporter-output>
        </test-method> <!-- priceMorethanCircuit -->
        <test-method is-config="true" signature="initHelper()[pri:0, instance:testCases.SellingCombinations@7749bf93]" started-at="2026-05-31T14:55:14 IST" name="initHelper" finished-at="2026-05-31T14:55:14 IST" duration-ms="4" status="PASS">
          <reporter-output>
          </reporter-output>
        </test-method> <!-- initHelper -->
        <test-method signature="priceLessthanCircuit()[pri:18, instance:testCases.SellingCombinations@7749bf93]" started-at="2026-05-31T14:55:14 IST" name="priceLessthanCircuit" description="TC_007 - Buy order with price below lower circuit should not be accepted" finished-at="2026-05-31T14:55:17 IST" duration-ms="2769" status="PASS">
          <reporter-output>
          </reporter-output>
        </test-method> <!-- priceLessthanCircuit -->
        <test-method is-config="true" signature="initHelper()[pri:0, instance:testCases.SellingCombinations@7749bf93]" started-at="2026-05-31T14:55:17 IST" name="initHelper" finished-at="2026-05-31T14:55:17 IST" duration-ms="2" status="PASS">
          <reporter-output>
          </reporter-output>
        </test-method> <!-- initHelper -->
        <test-method retried="true" signature="triggerPriceGreaterThanPrice()[pri:19, instance:testCases.SellingCombinations@7749bf93]" started-at="2026-05-31T14:55:17 IST" name="triggerPriceGreaterThanPrice" description="TC_008 - Buy order where trigger price &gt; price should not be accepted" finished-at="2026-05-31T14:55:19 IST" duration-ms="2530" status="SKIP">
          <exception class="java.lang.AssertionError">
            <message>
              <![CDATA[Test failed — invalid value was accepted expected [false] but found [true]]]>
            </message>
            <full-stacktrace>
              <![CDATA[java.lang.AssertionError: Test failed — invalid value was accepted expected [false] but found [true]
at org.testng.Assert.fail(Assert.java:111)
at org.testng.Assert.failNotEquals(Assert.java:1590)
at org.testng.Assert.assertFalse(Assert.java:79)
at pageObject.BuyFlow.invalidQuantity_Price(BuyFlow.java:272)
at testCases.SellingCombinations.triggerPriceGreaterThanPrice(SellingCombinations.java:142)
at java.base/jdk.internal.reflect.DirectMethodHandleAccessor.invoke(DirectMethodHandleAccessor.java:103)
at java.base/java.lang.reflect.Method.invoke(Method.java:580)
at org.testng.internal.invokers.MethodInvocationHelper.invokeMethod(MethodInvocationHelper.java:141)
at org.testng.internal.invokers.TestInvoker.invokeMethod(TestInvoker.java:697)
at org.testng.internal.invokers.TestInvoker.invokeTestMethod(TestInvoker.java:230)
at org.testng.internal.invokers.MethodRunner.runInSequence(MethodRunner.java:63)
at org.testng.internal.invokers.TestInvoker$MethodInvocationAgent.invoke(TestInvoker.java:1005)
at org.testng.internal.invokers.TestInvoker.invokeTestMethods(TestInvoker.java:203)
at org.testng.internal.invokers.TestMethodWorker.invokeTestMethods(TestMethodWorker.java:154)
at org.testng.internal.invokers.TestMethodWorker.run(TestMethodWorker.java:134)
at java.base/java.util.ArrayList.forEach(ArrayList.java:1596)
at org.testng.TestRunner.privateRun(TestRunner.java:744)
at org.testng.TestRunner.run(TestRunner.java:616)
at org.testng.SuiteRunner.runTest(SuiteRunner.java:421)
at org.testng.SuiteRunner.runSequentially(SuiteRunner.java:413)
at org.testng.SuiteRunner.privateRun(SuiteRunner.java:373)
at org.testng.SuiteRunner.run(SuiteRunner.java:312)
at org.testng.SuiteRunnerWorker.runSuite(SuiteRunnerWorker.java:52)
at org.testng.SuiteRunnerWorker.run(SuiteRunnerWorker.java:95)
at org.testng.TestNG.runSuitesSequentially(TestNG.java:1274)
at org.testng.TestNG.runSuitesLocally(TestNG.java:1208)
at org.testng.TestNG.runSuites(TestNG.java:1112)
at org.testng.TestNG.run(TestNG.java:1079)
at org.testng.remote.AbstractRemoteTestNG.run(AbstractRemoteTestNG.java:115)
at org.testng.remote.RemoteTestNG.initAndRun(RemoteTestNG.java:293)
at org.testng.remote.RemoteTestNG.main(RemoteTestNG.java:91)
]]>
            </full-stacktrace>
          </exception> <!-- java.lang.AssertionError -->
          <reporter-output>
          </reporter-output>
        </test-method> <!-- triggerPriceGreaterThanPrice -->
        <test-method is-config="true" signature="initHelper()[pri:0, instance:testCases.SellingCombinations@7749bf93]" started-at="2026-05-31T14:55:19 IST" name="initHelper" finished-at="2026-05-31T14:55:19 IST" duration-ms="3" status="PASS">
          <reporter-output>
          </reporter-output>
        </test-method> <!-- initHelper -->
        <test-method retried="true" signature="triggerPriceGreaterThanPrice()[pri:19, instance:testCases.SellingCombinations@7749bf93]" started-at="2026-05-31T14:55:19 IST" name="triggerPriceGreaterThanPrice" description="TC_008 - Buy order where trigger price &gt; price should not be accepted" finished-at="2026-05-31T14:55:22 IST" duration-ms="2629" status="SKIP">
          <exception class="java.lang.AssertionError">
            <message>
              <![CDATA[Test failed — invalid value was accepted expected [false] but found [true]]]>
            </message>
            <full-stacktrace>
              <![CDATA[java.lang.AssertionError: Test failed — invalid value was accepted expected [false] but found [true]
at org.testng.Assert.fail(Assert.java:111)
at org.testng.Assert.failNotEquals(Assert.java:1590)
at org.testng.Assert.assertFalse(Assert.java:79)
at pageObject.BuyFlow.invalidQuantity_Price(BuyFlow.java:272)
at testCases.SellingCombinations.triggerPriceGreaterThanPrice(SellingCombinations.java:142)
at java.base/jdk.internal.reflect.DirectMethodHandleAccessor.invoke(DirectMethodHandleAccessor.java:103)
at java.base/java.lang.reflect.Method.invoke(Method.java:580)
at org.testng.internal.invokers.MethodInvocationHelper.invokeMethod(MethodInvocationHelper.java:141)
at org.testng.internal.invokers.TestInvoker.invokeMethod(TestInvoker.java:697)
at org.testng.internal.invokers.TestInvoker.retryFailed(TestInvoker.java:280)
at org.testng.internal.invokers.MethodRunner.runInSequence(MethodRunner.java:76)
at org.testng.internal.invokers.TestInvoker$MethodInvocationAgent.invoke(TestInvoker.java:1005)
at org.testng.internal.invokers.TestInvoker.invokeTestMethods(TestInvoker.java:203)
at org.testng.internal.invokers.TestMethodWorker.invokeTestMethods(TestMethodWorker.java:154)
at org.testng.internal.invokers.TestMethodWorker.run(TestMethodWorker.java:134)
at java.base/java.util.ArrayList.forEach(ArrayList.java:1596)
at org.testng.TestRunner.privateRun(TestRunner.java:744)
at org.testng.TestRunner.run(TestRunner.java:616)
at org.testng.SuiteRunner.runTest(SuiteRunner.java:421)
at org.testng.SuiteRunner.runSequentially(SuiteRunner.java:413)
at org.testng.SuiteRunner.privateRun(SuiteRunner.java:373)
at org.testng.SuiteRunner.run(SuiteRunner.java:312)
at org.testng.SuiteRunnerWorker.runSuite(SuiteRunnerWorker.java:52)
at org.testng.SuiteRunnerWorker.run(SuiteRunnerWorker.java:95)
at org.testng.TestNG.runSuitesSequentially(TestNG.java:1274)
at org.testng.TestNG.runSuitesLocally(TestNG.java:1208)
at org.testng.TestNG.runSuites(TestNG.java:1112)
at org.testng.TestNG.run(TestNG.java:1079)
at org.testng.remote.AbstractRemoteTestNG.run(AbstractRemoteTestNG.java:115)
at org.testng.remote.RemoteTestNG.initAndRun(RemoteTestNG.java:293)
at org.testng.remote.RemoteTestNG.main(RemoteTestNG.java:91)
]]>
            </full-stacktrace>
          </exception> <!-- java.lang.AssertionError -->
          <reporter-output>
          </reporter-output>
        </test-method> <!-- triggerPriceGreaterThanPrice -->
        <test-method is-config="true" signature="initHelper()[pri:0, instance:testCases.SellingCombinations@7749bf93]" started-at="2026-05-31T14:55:22 IST" name="initHelper" finished-at="2026-05-31T14:55:22 IST" duration-ms="4" status="PASS">
          <reporter-output>
          </reporter-output>
        </test-method> <!-- initHelper -->
        <test-method signature="triggerPriceGreaterThanPrice()[pri:19, instance:testCases.SellingCombinations@7749bf93]" started-at="2026-05-31T14:55:22 IST" name="triggerPriceGreaterThanPrice" description="TC_008 - Buy order where trigger price &gt; price should not be accepted" finished-at="2026-05-31T14:55:25 IST" duration-ms="2725" status="FAIL">
          <exception class="java.lang.AssertionError">
            <message>
              <![CDATA[Test failed — invalid value was accepted expected [false] but found [true]]]>
            </message>
            <full-stacktrace>
              <![CDATA[java.lang.AssertionError: Test failed — invalid value was accepted expected [false] but found [true]
at org.testng.Assert.fail(Assert.java:111)
at org.testng.Assert.failNotEquals(Assert.java:1590)
at org.testng.Assert.assertFalse(Assert.java:79)
at pageObject.BuyFlow.invalidQuantity_Price(BuyFlow.java:272)
at testCases.SellingCombinations.triggerPriceGreaterThanPrice(SellingCombinations.java:142)
at java.base/jdk.internal.reflect.DirectMethodHandleAccessor.invoke(DirectMethodHandleAccessor.java:103)
at java.base/java.lang.reflect.Method.invoke(Method.java:580)
at org.testng.internal.invokers.MethodInvocationHelper.invokeMethod(MethodInvocationHelper.java:141)
at org.testng.internal.invokers.TestInvoker.invokeMethod(TestInvoker.java:697)
at org.testng.internal.invokers.TestInvoker.retryFailed(TestInvoker.java:280)
at org.testng.internal.invokers.MethodRunner.runInSequence(MethodRunner.java:76)
at org.testng.internal.invokers.TestInvoker$MethodInvocationAgent.invoke(TestInvoker.java:1005)
at org.testng.internal.invokers.TestInvoker.invokeTestMethods(TestInvoker.java:203)
at org.testng.internal.invokers.TestMethodWorker.invokeTestMethods(TestMethodWorker.java:154)
at org.testng.internal.invokers.TestMethodWorker.run(TestMethodWorker.java:134)
at java.base/java.util.ArrayList.forEach(ArrayList.java:1596)
at org.testng.TestRunner.privateRun(TestRunner.java:744)
at org.testng.TestRunner.run(TestRunner.java:616)
at org.testng.SuiteRunner.runTest(SuiteRunner.java:421)
at org.testng.SuiteRunner.runSequentially(SuiteRunner.java:413)
at org.testng.SuiteRunner.privateRun(SuiteRunner.java:373)
at org.testng.SuiteRunner.run(SuiteRunner.java:312)
at org.testng.SuiteRunnerWorker.runSuite(SuiteRunnerWorker.java:52)
at org.testng.SuiteRunnerWorker.run(SuiteRunnerWorker.java:95)
at org.testng.TestNG.runSuitesSequentially(TestNG.java:1274)
at org.testng.TestNG.runSuitesLocally(TestNG.java:1208)
at org.testng.TestNG.runSuites(TestNG.java:1112)
at org.testng.TestNG.run(TestNG.java:1079)
at org.testng.remote.AbstractRemoteTestNG.run(AbstractRemoteTestNG.java:115)
at org.testng.remote.RemoteTestNG.initAndRun(RemoteTestNG.java:293)
at org.testng.remote.RemoteTestNG.main(RemoteTestNG.java:91)
]]>
            </full-stacktrace>
          </exception> <!-- java.lang.AssertionError -->
          <reporter-output>
          </reporter-output>
        </test-method> <!-- triggerPriceGreaterThanPrice -->
        <test-method is-config="true" signature="initHelper()[pri:0, instance:testCases.SellingCombinations@7749bf93]" started-at="2026-05-31T14:55:25 IST" name="initHelper" finished-at="2026-05-31T14:55:25 IST" duration-ms="1" status="PASS">
          <reporter-output>
          </reporter-output>
        </test-method> <!-- initHelper -->
        <test-method signature="triggerPriceLessThanMarketPrice()[pri:20, instance:testCases.SellingCombinations@7749bf93]" started-at="2026-05-31T14:55:25 IST" name="triggerPriceLessThanMarketPrice" description="TC_009 - Buy order where trigger price &lt; market price should not be accepted" finished-at="2026-05-31T14:55:28 IST" duration-ms="2733" status="PASS">
          <reporter-output>
          </reporter-output>
        </test-method> <!-- triggerPriceLessThanMarketPrice -->
      </class> <!-- testCases.SellingCombinations -->
      <class name="testCases.Login_Test">
        <test-method is-config="true" signature="setup(java.lang.String)[pri:0, instance:testCases.Login_Test@2f62ea70]" started-at="2026-05-31T14:53:56 IST" name="setup" finished-at="2026-05-31T14:53:58 IST" duration-ms="2579" status="PASS">
          <params>
            <param index="0">
              <value>
                <![CDATA[chrome]]>
              </value>
            </param>
          </params>
          <reporter-output>
          </reporter-output>
        </test-method> <!-- setup -->
        <test-method signature="login()[pri:0, instance:testCases.Login_Test@2f62ea70]" started-at="2026-05-31T14:53:58 IST" name="login" finished-at="2026-05-31T14:54:08 IST" duration-ms="9058" status="PASS">
          <reporter-output>
          </reporter-output>
        </test-method> <!-- login -->
        <test-method is-config="true" signature="teardown()[pri:0, instance:testCases.Login_Test@2f62ea70]" started-at="2026-05-31T14:55:29 IST" name="teardown" finished-at="2026-05-31T14:55:29 IST" duration-ms="342" status="PASS">
          <reporter-output>
          </reporter-output>
        </test-method> <!-- teardown -->
      </class> <!-- testCases.Login_Test -->
    </test> <!-- Test -->
  </suite> <!-- Suite -->
</testng-results>
